  [1m[35m (0.1ms)[0m  [1m[34mSELECT sqlite_version(*)[0m
  â†³ bin/rails:9
  [1m[35m (1.1ms)[0m  [1m[35mCREATE TABLE "schema_migrations" ("version" varchar NOT NULL PRIMARY KEY)[0m
  â†³ bin/rails:9
  [1m[35m (1.0ms)[0m  [1m[35mCREATE TABLE "ar_internal_metadata" ("key" varchar NOT NULL PRIMARY KEY, "value" varchar, "created_at" datetime NOT NULL, "updated_at" datetime NOT NULL)[0m
  â†³ bin/rails:9
  [1m[35m (0.2ms)[0m  [1m[34mSELECT "schema_migrations"."version" FROM "schema_migrations" ORDER BY "schema_migrations"."version" ASC[0m
  â†³ bin/rails:9
Migrating to CreateBooks (20190325022231)
  [1m[35m (0.1ms)[0m  [1m[36mbegin transaction[0m
  â†³ bin/rails:9
  [1m[35m (0.3ms)[0m  [1m[35mCREATE TABLE "books" ("id" integer PRIMARY KEY AUTOINCREMENT NOT NULL, "title" varchar, "memo" text, "created_at" datetime NOT NULL, "updated_at" datetime NOT NULL)[0m
  â†³ db/migrate/20190325022231_create_books.rb:3
  [1m[36mActiveRecord::SchemaMigration Create (0.1ms)[0m  [1m[32mINSERT INTO "schema_migrations" ("version") VALUES (?)[0m  [["version", "20190325022231"]]
  â†³ bin/rails:9
  [1m[35m (0.7ms)[0m  [1m[36mcommit transaction[0m
  â†³ bin/rails:9
  [1m[36mActiveRecord::InternalMetadata Load (0.2ms)[0m  [1m[34mSELECT  "ar_internal_metadata".* FROM "ar_internal_metadata" WHERE "ar_internal_metadata"."key" = ? LIMIT ?[0m  [["key", "environment"], ["LIMIT", 1]]
  â†³ bin/rails:9
  [1m[35m (0.0ms)[0m  [1m[36mbegin transaction[0m
  â†³ bin/rails:9
  [1m[36mActiveRecord::InternalMetadata Create (0.4ms)[0m  [1m[32mINSERT INTO "ar_internal_metadata" ("key", "value", "created_at", "updated_at") VALUES (?, ?, ?, ?)[0m  [["key", "environment"], ["value", "development"], ["created_at", "2019-03-25 02:22:49.123035"], ["updated_at", "2019-03-25 02:22:49.123035"]]
  â†³ bin/rails:9
  [1m[35m (0.9ms)[0m  [1m[36mcommit transaction[0m
  â†³ bin/rails:9
  [1m[35m (0.1ms)[0m  [1m[34mSELECT "schema_migrations"."version" FROM "schema_migrations" ORDER BY "schema_migrations"."version" ASC[0m
  â†³ bin/rails:9
Started GET "/" for ::1 at 2019-03-25 11:23:01 +0900
  [1m[35m (0.1ms)[0m  [1m[34mSELECT "schema_migrations"."version" FROM "schema_migrations" ORDER BY "schema_migrations"."version" ASC[0m
  â†³ /Users/hayasaki-shunsuke/.rbenv/versions/2.6.2/lib/ruby/gems/2.6.0/gems/activerecord-5.2.2.1/lib/active_record/log_subscriber.rb:98
Processing by Rails::WelcomeController#index as HTML
  Rendering /Users/hayasaki-shunsuke/.rbenv/versions/2.6.2/lib/ruby/gems/2.6.0/gems/railties-5.2.2.1/lib/rails/templates/rails/welcome/index.html.erb
  Rendered /Users/hayasaki-shunsuke/.rbenv/versions/2.6.2/lib/ruby/gems/2.6.0/gems/railties-5.2.2.1/lib/rails/templates/rails/welcome/index.html.erb (4.8ms)
Completed 200 OK in 24ms (Views: 15.4ms | ActiveRecord: 0.0ms)


Started GET "/" for ::1 at 2019-03-25 11:23:05 +0900
Processing by Rails::WelcomeController#index as HTML
  Rendering /Users/hayasaki-shunsuke/.rbenv/versions/2.6.2/lib/ruby/gems/2.6.0/gems/railties-5.2.2.1/lib/rails/templates/rails/welcome/index.html.erb
  Rendered /Users/hayasaki-shunsuke/.rbenv/versions/2.6.2/lib/ruby/gems/2.6.0/gems/railties-5.2.2.1/lib/rails/templates/rails/welcome/index.html.erb (1.9ms)
Completed 200 OK in 5ms (Views: 3.3ms | ActiveRecord: 0.0ms)


Started GET "/book" for ::1 at 2019-03-25 11:23:06 +0900
  
ActionController::RoutingError (No route matches [GET] "/book"):
  
actionpack (5.2.2.1) lib/action_dispatch/middleware/debug_exceptions.rb:65:in `call'
web-console (3.7.0) lib/web_console/middleware.rb:135:in `call_app'
web-console (3.7.0) lib/web_console/middleware.rb:30:in `block in call'
web-console (3.7.0) lib/web_console/middleware.rb:20:in `catch'
web-console (3.7.0) lib/web_console/middleware.rb:20:in `call'
actionpack (5.2.2.1) lib/action_dispatch/middleware/show_exceptions.rb:33:in `call'
railties (5.2.2.1) lib/rails/rack/logger.rb:38:in `call_app'
railties (5.2.2.1) lib/rails/rack/logger.rb:26:in `block in call'
activesupport (5.2.2.1) lib/active_support/tagged_logging.rb:71:in `block in tagged'
activesupport (5.2.2.1) lib/active_support/tagged_logging.rb:28:in `tagged'
activesupport (5.2.2.1) lib/active_support/tagged_logging.rb:71:in `tagged'
railties (5.2.2.1) lib/rails/rack/logger.rb:26:in `call'
sprockets-rails (3.2.1) lib/sprockets/rails/quiet_assets.rb:13:in `call'
actionpack (5.2.2.1) lib/action_dispatch/middleware/remote_ip.rb:81:in `call'
actionpack (5.2.2.1) lib/action_dispatch/middleware/request_id.rb:27:in `call'
rack (2.0.6) lib/rack/method_override.rb:22:in `call'
rack (2.0.6) lib/rack/runtime.rb:22:in `call'
activesupport (5.2.2.1) lib/active_support/cache/strategy/local_cache_middleware.rb:29:in `call'
actionpack (5.2.2.1) lib/action_dispatch/middleware/executor.rb:14:in `call'
actionpack (5.2.2.1) lib/action_dispatch/middleware/static.rb:127:in `call'
rack (2.0.6) lib/rack/sendfile.rb:111:in `call'
railties (5.2.2.1) lib/rails/engine.rb:524:in `call'
puma (3.12.1) lib/puma/configuration.rb:227:in `call'
puma (3.12.1) lib/puma/server.rb:660:in `handle_request'
puma (3.12.1) lib/puma/server.rb:474:in `process_client'
puma (3.12.1) lib/puma/server.rb:334:in `block in run'
puma (3.12.1) lib/puma/thread_pool.rb:135:in `block in spawn_thread'
Started GET "/books" for ::1 at 2019-03-25 11:23:06 +0900
Processing by BooksController#index as HTML
  Rendering books/index.html.erb within layouts/application
  [1m[36mBook Load (0.1ms)[0m  [1m[34mSELECT "books".* FROM "books"[0m
  â†³ app/views/books/index.html.erb:15
  Rendered books/index.html.erb within layouts/application (1.5ms)
Completed 200 OK in 420ms (Views: 414.6ms | ActiveRecord: 0.3ms)


Started GET "/books/new" for ::1 at 2019-03-25 11:23:27 +0900
Processing by BooksController#new as HTML
  Rendering books/new.html.erb within layouts/application
  Rendered books/_form.html.erb (28.3ms)
  Rendered books/new.html.erb within layouts/application (29.8ms)
Completed 200 OK in 57ms (Views: 49.5ms | ActiveRecord: 0.5ms)


Started POST "/books" for ::1 at 2019-03-25 11:24:09 +0900
Processing by BooksController#create as HTML
  Parameters: {"utf8"=>"âœ“", "authenticity_token"=>"vq2rkLFgGMlJeev3U8yuPnXc44a0fScq/ifXmdelUwXLtKLN/Nt2ySO7Hh2ZHe2ZkXBZOZVjg+r9dnejbX/bCw==", "book"=>{"title"=>"å››æœˆã¯å›ã®å˜˜", "memo"=>"ãƒ”ã‚¢ãƒ‹ã‚¹ãƒˆã®å°‘å¹´ã¨ãƒã‚¤ã‚ªãƒªãƒ‹ã‚¹ãƒˆã®å°‘å¥³ã«ã‚ˆã‚‹éŸ³æ¥½ã¨é’æ˜¥ã®è©±"}, "commit"=>"Create Book"}
  [1m[35m (0.1ms)[0m  [1m[36mbegin transaction[0m
  â†³ app/controllers/books_controller.rb:30
  [1m[36mBook Create (0.4ms)[0m  [1m[32mINSERT INTO "books" ("title", "memo", "created_at", "updated_at") VALUES (?, ?, ?, ?)[0m  [["title", "å››æœˆã¯å›ã®å˜˜"], ["memo", "ãƒ”ã‚¢ãƒ‹ã‚¹ãƒˆã®å°‘å¹´ã¨ãƒã‚¤ã‚ªãƒªãƒ‹ã‚¹ãƒˆã®å°‘å¥³ã«ã‚ˆã‚‹éŸ³æ¥½ã¨é’æ˜¥ã®è©±"], ["created_at", "2019-03-25 02:24:09.763392"], ["updated_at", "2019-03-25 02:24:09.763392"]]
  â†³ app/controllers/books_controller.rb:30
  [1m[35m (0.6ms)[0m  [1m[36mcommit transaction[0m
  â†³ app/controllers/books_controller.rb:30
Redirected to http://localhost:3000/books/1
Completed 302 Found in 4ms (ActiveRecord: 1.1ms)


Started GET "/books/1" for ::1 at 2019-03-25 11:24:09 +0900
Processing by BooksController#show as HTML
  Parameters: {"id"=>"1"}
  [1m[36mBook Load (0.2ms)[0m  [1m[34mSELECT  "books".* FROM "books" WHERE "books"."id" = ? LIMIT ?[0m  [["id", 1], ["LIMIT", 1]]
  â†³ app/controllers/books_controller.rb:67
  Rendering books/show.html.erb within layouts/application
  Rendered books/show.html.erb within layouts/application (0.5ms)
Completed 200 OK in 27ms (Views: 19.8ms | ActiveRecord: 0.2ms)


Started GET "/" for ::1 at 2019-03-25 11:52:31 +0900
  [1m[35m (0.3ms)[0m  [1m[34mSELECT "schema_migrations"."version" FROM "schema_migrations" ORDER BY "schema_migrations"."version" ASC[0m
  â†³ /Users/hayasaki-shunsuke/.rbenv/versions/2.6.2/lib/ruby/gems/2.6.0/gems/activerecord-5.2.2.1/lib/active_record/log_subscriber.rb:98
Processing by Rails::WelcomeController#index as HTML
  Rendering /Users/hayasaki-shunsuke/.rbenv/versions/2.6.2/lib/ruby/gems/2.6.0/gems/railties-5.2.2.1/lib/rails/templates/rails/welcome/index.html.erb
  Rendered /Users/hayasaki-shunsuke/.rbenv/versions/2.6.2/lib/ruby/gems/2.6.0/gems/railties-5.2.2.1/lib/rails/templates/rails/welcome/index.html.erb (4.1ms)
Completed 200 OK in 20ms (Views: 11.9ms | ActiveRecord: 0.0ms)


  [1m[35m (0.4ms)[0m  [1m[34mSELECT "schema_migrations"."version" FROM "schema_migrations" ORDER BY "schema_migrations"."version" ASC[0m
  â†³ bin/rails:9
Migrating to AddPictureToBooks (20190325041926)
  [1m[35m (0.0ms)[0m  [1m[36mbegin transaction[0m
  â†³ bin/rails:9
  [1m[35m (0.4ms)[0m  [1m[35mALTER TABLE "books" ADD "picture" varchar[0m
  â†³ db/migrate/20190325041926_add_picture_to_books.rb:3
  [1m[36mActiveRecord::SchemaMigration Create (0.4ms)[0m  [1m[32mINSERT INTO "schema_migrations" ("version") VALUES (?)[0m  [["version", "20190325041926"]]
  â†³ bin/rails:9
  [1m[35m (0.7ms)[0m  [1m[36mcommit transaction[0m
  â†³ bin/rails:9
  [1m[36mActiveRecord::InternalMetadata Load (0.5ms)[0m  [1m[34mSELECT  "ar_internal_metadata".* FROM "ar_internal_metadata" WHERE "ar_internal_metadata"."key" = ? LIMIT ?[0m  [["key", "environment"], ["LIMIT", 1]]
  â†³ bin/rails:9
  [1m[35m (0.1ms)[0m  [1m[36mbegin transaction[0m
  â†³ bin/rails:9
  [1m[35m (0.1ms)[0m  [1m[36mcommit transaction[0m
  â†³ bin/rails:9
  [1m[35m (0.1ms)[0m  [1m[34mSELECT "schema_migrations"."version" FROM "schema_migrations" ORDER BY "schema_migrations"."version" ASC[0m
  â†³ bin/rails:9
Started GET "/" for ::1 at 2019-03-25 13:25:35 +0900
  [1m[35m (0.1ms)[0m  [1m[34mSELECT "schema_migrations"."version" FROM "schema_migrations" ORDER BY "schema_migrations"."version" ASC[0m
  â†³ /Users/hayasaki-shunsuke/.rbenv/versions/2.6.2/lib/ruby/gems/2.6.0/gems/activerecord-5.2.2.1/lib/active_record/log_subscriber.rb:98
Processing by Rails::WelcomeController#index as HTML
  Rendering /Users/hayasaki-shunsuke/.rbenv/versions/2.6.2/lib/ruby/gems/2.6.0/gems/railties-5.2.2.1/lib/rails/templates/rails/welcome/index.html.erb
  Rendered /Users/hayasaki-shunsuke/.rbenv/versions/2.6.2/lib/ruby/gems/2.6.0/gems/railties-5.2.2.1/lib/rails/templates/rails/welcome/index.html.erb (3.5ms)
Completed 200 OK in 19ms (Views: 10.9ms | ActiveRecord: 0.0ms)


Started GET "/book" for ::1 at 2019-03-25 13:25:38 +0900
  
ActionController::RoutingError (No route matches [GET] "/book"):
  
actionpack (5.2.2.1) lib/action_dispatch/middleware/debug_exceptions.rb:65:in `call'
web-console (3.7.0) lib/web_console/middleware.rb:135:in `call_app'
web-console (3.7.0) lib/web_console/middleware.rb:30:in `block in call'
web-console (3.7.0) lib/web_console/middleware.rb:20:in `catch'
web-console (3.7.0) lib/web_console/middleware.rb:20:in `call'
actionpack (5.2.2.1) lib/action_dispatch/middleware/show_exceptions.rb:33:in `call'
railties (5.2.2.1) lib/rails/rack/logger.rb:38:in `call_app'
railties (5.2.2.1) lib/rails/rack/logger.rb:26:in `block in call'
activesupport (5.2.2.1) lib/active_support/tagged_logging.rb:71:in `block in tagged'
activesupport (5.2.2.1) lib/active_support/tagged_logging.rb:28:in `tagged'
activesupport (5.2.2.1) lib/active_support/tagged_logging.rb:71:in `tagged'
railties (5.2.2.1) lib/rails/rack/logger.rb:26:in `call'
sprockets-rails (3.2.1) lib/sprockets/rails/quiet_assets.rb:13:in `call'
actionpack (5.2.2.1) lib/action_dispatch/middleware/remote_ip.rb:81:in `call'
actionpack (5.2.2.1) lib/action_dispatch/middleware/request_id.rb:27:in `call'
rack (2.0.6) lib/rack/method_override.rb:22:in `call'
rack (2.0.6) lib/rack/runtime.rb:22:in `call'
activesupport (5.2.2.1) lib/active_support/cache/strategy/local_cache_middleware.rb:29:in `call'
actionpack (5.2.2.1) lib/action_dispatch/middleware/executor.rb:14:in `call'
actionpack (5.2.2.1) lib/action_dispatch/middleware/static.rb:127:in `call'
rack (2.0.6) lib/rack/sendfile.rb:111:in `call'
railties (5.2.2.1) lib/rails/engine.rb:524:in `call'
puma (3.12.1) lib/puma/configuration.rb:227:in `call'
puma (3.12.1) lib/puma/server.rb:660:in `handle_request'
puma (3.12.1) lib/puma/server.rb:474:in `process_client'
puma (3.12.1) lib/puma/server.rb:334:in `block in run'
puma (3.12.1) lib/puma/thread_pool.rb:135:in `block in spawn_thread'
Started GET "/book" for ::1 at 2019-03-25 13:25:39 +0900
  
ActionController::RoutingError (No route matches [GET] "/book"):
  
actionpack (5.2.2.1) lib/action_dispatch/middleware/debug_exceptions.rb:65:in `call'
web-console (3.7.0) lib/web_console/middleware.rb:135:in `call_app'
web-console (3.7.0) lib/web_console/middleware.rb:30:in `block in call'
web-console (3.7.0) lib/web_console/middleware.rb:20:in `catch'
web-console (3.7.0) lib/web_console/middleware.rb:20:in `call'
actionpack (5.2.2.1) lib/action_dispatch/middleware/show_exceptions.rb:33:in `call'
railties (5.2.2.1) lib/rails/rack/logger.rb:38:in `call_app'
railties (5.2.2.1) lib/rails/rack/logger.rb:26:in `block in call'
activesupport (5.2.2.1) lib/active_support/tagged_logging.rb:71:in `block in tagged'
activesupport (5.2.2.1) lib/active_support/tagged_logging.rb:28:in `tagged'
activesupport (5.2.2.1) lib/active_support/tagged_logging.rb:71:in `tagged'
railties (5.2.2.1) lib/rails/rack/logger.rb:26:in `call'
sprockets-rails (3.2.1) lib/sprockets/rails/quiet_assets.rb:13:in `call'
actionpack (5.2.2.1) lib/action_dispatch/middleware/remote_ip.rb:81:in `call'
actionpack (5.2.2.1) lib/action_dispatch/middleware/request_id.rb:27:in `call'
rack (2.0.6) lib/rack/method_override.rb:22:in `call'
rack (2.0.6) lib/rack/runtime.rb:22:in `call'
activesupport (5.2.2.1) lib/active_support/cache/strategy/local_cache_middleware.rb:29:in `call'
actionpack (5.2.2.1) lib/action_dispatch/middleware/executor.rb:14:in `call'
actionpack (5.2.2.1) lib/action_dispatch/middleware/static.rb:127:in `call'
rack (2.0.6) lib/rack/sendfile.rb:111:in `call'
railties (5.2.2.1) lib/rails/engine.rb:524:in `call'
puma (3.12.1) lib/puma/configuration.rb:227:in `call'
puma (3.12.1) lib/puma/server.rb:660:in `handle_request'
puma (3.12.1) lib/puma/server.rb:474:in `process_client'
puma (3.12.1) lib/puma/server.rb:334:in `block in run'
puma (3.12.1) lib/puma/thread_pool.rb:135:in `block in spawn_thread'
Started GET "/books" for ::1 at 2019-03-25 13:25:42 +0900
Processing by BooksController#index as HTML
  Rendering books/index.html.erb within layouts/application
  [1m[36mBook Load (0.1ms)[0m  [1m[34mSELECT "books".* FROM "books"[0m
  â†³ app/views/books/index.html.erb:17
  Rendered books/index.html.erb within layouts/application (11.5ms)
Completed 500 Internal Server Error in 23ms (ActiveRecord: 0.6ms)


  
ActionView::Template::Error (undefined method `author' for #<Book:0x00007ffe714829a8>):
    18:       <tr>
    19:         <td><%= book.title %></td>
    20:         <td><%= book.memo %></td>
    21:         <td><%= book.author %></td>
    22:         <td><%= book.picture %></td>
    23:         <td><%= link_to 'Show', book %></td>
    24:         <td><%= link_to 'Edit', edit_book_path(book) %></td>
  
app/views/books/index.html.erb:21:in `block in _app_views_books_index_html_erb__2524522906542906439_70365410278360'
app/views/books/index.html.erb:17:in `_app_views_books_index_html_erb__2524522906542906439_70365410278360'
Started GET "/books" for ::1 at 2019-03-25 13:25:43 +0900
Processing by BooksController#index as HTML
  Rendering books/index.html.erb within layouts/application
  [1m[36mBook Load (0.1ms)[0m  [1m[34mSELECT "books".* FROM "books"[0m
  â†³ app/views/books/index.html.erb:17
  Rendered books/index.html.erb within layouts/application (4.8ms)
Completed 500 Internal Server Error in 8ms (ActiveRecord: 0.1ms)


  
ActionView::Template::Error (undefined method `author' for #<Book:0x00007ffe725f88b8>):
    18:       <tr>
    19:         <td><%= book.title %></td>
    20:         <td><%= book.memo %></td>
    21:         <td><%= book.author %></td>
    22:         <td><%= book.picture %></td>
    23:         <td><%= link_to 'Show', book %></td>
    24:         <td><%= link_to 'Edit', edit_book_path(book) %></td>
  
app/views/books/index.html.erb:21:in `block in _app_views_books_index_html_erb__2524522906542906439_70365408606500'
app/views/books/index.html.erb:17:in `_app_views_books_index_html_erb__2524522906542906439_70365408606500'
  [1m[35m (0.3ms)[0m  [1m[34mSELECT "schema_migrations"."version" FROM "schema_migrations" ORDER BY "schema_migrations"."version" ASC[0m
  â†³ bin/rails:9
Migrating to AddAuthorToBooks (20190325042647)
  [1m[35m (0.1ms)[0m  [1m[36mbegin transaction[0m
  â†³ bin/rails:9
  [1m[35m (0.4ms)[0m  [1m[35mALTER TABLE "books" ADD "author" varchar[0m
  â†³ db/migrate/20190325042647_add_author_to_books.rb:3
  [1m[36mActiveRecord::SchemaMigration Create (0.1ms)[0m  [1m[32mINSERT INTO "schema_migrations" ("version") VALUES (?)[0m  [["version", "20190325042647"]]
  â†³ bin/rails:9
  [1m[35m (0.6ms)[0m  [1m[36mcommit transaction[0m
  â†³ bin/rails:9
  [1m[36mActiveRecord::InternalMetadata Load (0.1ms)[0m  [1m[34mSELECT  "ar_internal_metadata".* FROM "ar_internal_metadata" WHERE "ar_internal_metadata"."key" = ? LIMIT ?[0m  [["key", "environment"], ["LIMIT", 1]]
  â†³ bin/rails:9
  [1m[35m (0.0ms)[0m  [1m[36mbegin transaction[0m
  â†³ bin/rails:9
  [1m[35m (0.0ms)[0m  [1m[36mcommit transaction[0m
  â†³ bin/rails:9
  [1m[35m (0.1ms)[0m  [1m[34mSELECT "schema_migrations"."version" FROM "schema_migrations" ORDER BY "schema_migrations"."version" ASC[0m
  â†³ bin/rails:9
Started GET "/books" for ::1 at 2019-03-25 13:27:29 +0900
  [1m[35m (0.1ms)[0m  [1m[34mSELECT "schema_migrations"."version" FROM "schema_migrations" ORDER BY "schema_migrations"."version" ASC[0m
  â†³ /Users/hayasaki-shunsuke/.rbenv/versions/2.6.2/lib/ruby/gems/2.6.0/gems/activerecord-5.2.2.1/lib/active_record/log_subscriber.rb:98
Processing by BooksController#index as HTML
  Rendering books/index.html.erb within layouts/application
  [1m[36mBook Load (0.1ms)[0m  [1m[34mSELECT "books".* FROM "books"[0m
  â†³ app/views/books/index.html.erb:17
  Rendered books/index.html.erb within layouts/application (12.3ms)
Completed 200 OK in 198ms (Views: 178.5ms | ActiveRecord: 0.6ms)


Started GET "/books/1/edit" for ::1 at 2019-03-25 13:27:35 +0900
Processing by BooksController#edit as HTML
  Parameters: {"id"=>"1"}
  [1m[36mBook Load (0.2ms)[0m  [1m[34mSELECT  "books".* FROM "books" WHERE "books"."id" = ? LIMIT ?[0m  [["id", 1], ["LIMIT", 1]]
  â†³ app/controllers/books_controller.rb:67
  Rendering books/edit.html.erb within layouts/application
  Rendered books/_form.html.erb (55.6ms)
  Rendered books/edit.html.erb within layouts/application (57.1ms)
Completed 200 OK in 84ms (Views: 78.0ms | ActiveRecord: 0.2ms)


Started PATCH "/books/1" for ::1 at 2019-03-25 13:27:48 +0900
Processing by BooksController#update as HTML
  Parameters: {"utf8"=>"âœ“", "authenticity_token"=>"S6kT8hX3kKrQ1k3ApCJJZj9hDOuiG31aNAn/LTn0/YJphK0XRN1bzehtPycBH4lkjOW/2I8qC8rV6/eZ1EW49Q==", "book"=>{"title"=>"å››æœˆã¯å›ã®å˜˜", "memo"=>"ãƒ”ã‚¢ãƒ‹ã‚¹ãƒˆã®å°‘å¹´ã¨ãƒã‚¤ã‚ªãƒªãƒ‹ã‚¹ãƒˆã®å°‘å¥³ã«ã‚ˆã‚‹éŸ³æ¥½ã¨é’æ˜¥ã®è©±", "picture"=>#<ActionDispatch::Http::UploadedFile:0x00007ff9cd0a3858 @tempfile=#<Tempfile:/var/folders/k1/bm5cy2g56g90vjg5p4j0hq5485fhnl/T/RackMultipart20190325-32597-1ogocyw.jpg>, @original_filename="150x150_square_1490753.jpg", @content_type="image/jpeg", @headers="Content-Disposition: form-data; name=\"book[picture]\"; filename=\"150x150_square_1490753.jpg\"\r\nContent-Type: image/jpeg\r\n">}, "commit"=>"Update Book", "id"=>"1"}
  [1m[36mBook Load (0.1ms)[0m  [1m[34mSELECT  "books".* FROM "books" WHERE "books"."id" = ? LIMIT ?[0m  [["id", 1], ["LIMIT", 1]]
  â†³ app/controllers/books_controller.rb:67
  [1m[35m (0.0ms)[0m  [1m[36mbegin transaction[0m
  â†³ app/controllers/books_controller.rb:44
  [1m[36mBook Update (0.5ms)[0m  [1m[33mUPDATE "books" SET "picture" = ?, "updated_at" = ? WHERE "books"."id" = ?[0m  [["picture", "150x150_square_1490753.jpg"], ["updated_at", "2019-03-25 04:27:48.156036"], ["id", 1]]
  â†³ app/controllers/books_controller.rb:44
  [1m[35m (0.8ms)[0m  [1m[36mcommit transaction[0m
  â†³ app/controllers/books_controller.rb:44
Redirected to http://localhost:3000/books/1
Completed 302 Found in 11ms (ActiveRecord: 1.4ms)


Started GET "/books/1" for ::1 at 2019-03-25 13:27:48 +0900
Processing by BooksController#show as HTML
  Parameters: {"id"=>"1"}
  [1m[36mBook Load (0.1ms)[0m  [1m[34mSELECT  "books".* FROM "books" WHERE "books"."id" = ? LIMIT ?[0m  [["id", 1], ["LIMIT", 1]]
  â†³ app/controllers/books_controller.rb:67
  Rendering books/show.html.erb within layouts/application
  Rendered books/show.html.erb within layouts/application (0.8ms)
Completed 200 OK in 23ms (Views: 21.3ms | ActiveRecord: 0.1ms)


Started GET "/books/1/edit" for ::1 at 2019-03-25 13:28:03 +0900
Processing by BooksController#edit as HTML
  Parameters: {"id"=>"1"}
  [1m[36mBook Load (0.1ms)[0m  [1m[34mSELECT  "books".* FROM "books" WHERE "books"."id" = ? LIMIT ?[0m  [["id", 1], ["LIMIT", 1]]
  â†³ app/controllers/books_controller.rb:67
  Rendering books/edit.html.erb within layouts/application
  Rendered books/_form.html.erb (1.8ms)
  Rendered books/edit.html.erb within layouts/application (3.2ms)
Completed 200 OK in 26ms (Views: 23.8ms | ActiveRecord: 0.1ms)


Started GET "/books/1/edit" for ::1 at 2019-03-25 13:30:13 +0900
  [1m[35m (0.1ms)[0m  [1m[34mSELECT "schema_migrations"."version" FROM "schema_migrations" ORDER BY "schema_migrations"."version" ASC[0m
  â†³ /Users/hayasaki-shunsuke/.rbenv/versions/2.6.2/lib/ruby/gems/2.6.0/gems/activerecord-5.2.2.1/lib/active_record/log_subscriber.rb:98
Processing by BooksController#edit as HTML
  Parameters: {"id"=>"1"}
  [1m[36mBook Load (0.2ms)[0m  [1m[34mSELECT  "books".* FROM "books" WHERE "books"."id" = ? LIMIT ?[0m  [["id", 1], ["LIMIT", 1]]
  â†³ app/controllers/books_controller.rb:67
  Rendering books/edit.html.erb within layouts/application
  Rendered books/_form.html.erb (23.1ms)
  Rendered books/edit.html.erb within layouts/application (26.1ms)
Completed 200 OK in 218ms (Views: 186.3ms | ActiveRecord: 0.7ms)


Started PATCH "/books/1" for ::1 at 2019-03-25 13:30:23 +0900
Processing by BooksController#update as HTML
  Parameters: {"utf8"=>"âœ“", "authenticity_token"=>"eM8c5axIaz1Dm7aZhXCMqeYQKS6imccoMdTI+oIrJLZDnrSdzYDcQadSoSHSJR7ptTGk/YAGwMsq7yKV1CigPA==", "book"=>{"title"=>"å››æœˆã¯å›ã®å˜˜", "memo"=>"ãƒ”ã‚¢ãƒ‹ã‚¹ãƒˆã®å°‘å¹´ã¨ãƒã‚¤ã‚ªãƒªãƒ‹ã‚¹ãƒˆã®å°‘å¥³ã«ã‚ˆã‚‹éŸ³æ¥½ã¨é’æ˜¥ã®è©±", "author"=>"æ—©å´Žä¿Šè¼”"}, "commit"=>"Update Book", "id"=>"1"}
  [1m[36mBook Load (0.1ms)[0m  [1m[34mSELECT  "books".* FROM "books" WHERE "books"."id" = ? LIMIT ?[0m  [["id", 1], ["LIMIT", 1]]
  â†³ app/controllers/books_controller.rb:67
  [1m[35m (0.1ms)[0m  [1m[36mbegin transaction[0m
  â†³ app/controllers/books_controller.rb:44
  [1m[36mBook Update (0.4ms)[0m  [1m[33mUPDATE "books" SET "author" = ?, "updated_at" = ? WHERE "books"."id" = ?[0m  [["author", "æ—©å´Žä¿Šè¼”"], ["updated_at", "2019-03-25 04:30:23.828686"], ["id", 1]]
  â†³ app/controllers/books_controller.rb:44
  [1m[35m (0.8ms)[0m  [1m[36mcommit transaction[0m
  â†³ app/controllers/books_controller.rb:44
Redirected to http://localhost:3000/books/1
Completed 302 Found in 5ms (ActiveRecord: 1.4ms)


Started GET "/books/1" for ::1 at 2019-03-25 13:30:23 +0900
Processing by BooksController#show as HTML
  Parameters: {"id"=>"1"}
  [1m[36mBook Load (0.1ms)[0m  [1m[34mSELECT  "books".* FROM "books" WHERE "books"."id" = ? LIMIT ?[0m  [["id", 1], ["LIMIT", 1]]
  â†³ app/controllers/books_controller.rb:67
  Rendering books/show.html.erb within layouts/application
  Rendered books/show.html.erb within layouts/application (0.9ms)
Completed 200 OK in 27ms (Views: 25.2ms | ActiveRecord: 0.1ms)


Started GET "/books/1/edit" for ::1 at 2019-03-25 13:30:27 +0900
Processing by BooksController#edit as HTML
  Parameters: {"id"=>"1"}
  [1m[36mBook Load (0.1ms)[0m  [1m[34mSELECT  "books".* FROM "books" WHERE "books"."id" = ? LIMIT ?[0m  [["id", 1], ["LIMIT", 1]]
  â†³ app/controllers/books_controller.rb:67
  Rendering books/edit.html.erb within layouts/application
  Rendered books/_form.html.erb (2.1ms)
  Rendered books/edit.html.erb within layouts/application (3.7ms)
Completed 200 OK in 26ms (Views: 24.1ms | ActiveRecord: 0.1ms)


Started GET "/books" for ::1 at 2019-03-25 13:30:28 +0900
Processing by BooksController#index as HTML
  Rendering books/index.html.erb within layouts/application
  [1m[36mBook Load (0.2ms)[0m  [1m[34mSELECT "books".* FROM "books"[0m
  â†³ app/views/books/index.html.erb:17
  Rendered books/index.html.erb within layouts/application (1.3ms)
Completed 200 OK in 23ms (Views: 21.3ms | ActiveRecord: 0.2ms)


Started GET "/books/1" for ::1 at 2019-03-25 13:43:03 +0900
Processing by BooksController#show as HTML
  Parameters: {"id"=>"1"}
  [1m[36mBook Load (0.1ms)[0m  [1m[34mSELECT  "books".* FROM "books" WHERE "books"."id" = ? LIMIT ?[0m  [["id", 1], ["LIMIT", 1]]
  â†³ app/controllers/books_controller.rb:67
  Rendering books/show.html.erb within layouts/application
  Rendered books/show.html.erb within layouts/application (0.8ms)
Completed 200 OK in 27ms (Views: 24.4ms | ActiveRecord: 0.4ms)


Started GET "/books" for ::1 at 2019-03-25 13:43:05 +0900
Processing by BooksController#index as HTML
  Rendering books/index.html.erb within layouts/application
  [1m[36mBook Load (0.2ms)[0m  [1m[34mSELECT "books".* FROM "books"[0m
  â†³ app/views/books/index.html.erb:17
  Rendered books/index.html.erb within layouts/application (1.5ms)
Completed 200 OK in 27ms (Views: 24.9ms | ActiveRecord: 0.2ms)


